
*** Running vivado
    with args -log FullGameSchema_Edge_Detector_0_0.vds -m64 -product Vivado -mode batch -messageDb vivado.pb -notrace -source FullGameSchema_Edge_Detector_0_0.tcl



****** Vivado v2021.2 (64-bit)
  **** SW Build 3367213 on Tue Oct 19 02:48:09 MDT 2021
  **** IP Build 3369179 on Thu Oct 21 08:25:16 MDT 2021
    ** Copyright 1986-2021 Xilinx, Inc. All Rights Reserved.

source FullGameSchema_Edge_Detector_0_0.tcl -notrace
create_project: Time (s): cpu = 00:00:05 ; elapsed = 00:00:16 . Memory (MB): peak = 847.035 ; gain = 96.836
INFO: [IP_Flow 19-234] Refreshing IP repositories
WARNING: [IP_Flow 19-3685] Ignored loading user repository 'c:/Users/ashin/OneDrive/Desktop/Lab3_SwordFSM/XUP_LIB/XUP_LIB/SwordFSM'. The path is contained within another repository.
INFO: [IP_Flow 19-1700] Loaded user IP repository 'c:/Users/ashin/OneDrive/Desktop/Lab3_SwordFSM/XUP_LIB/XUP_LIB'.
WARNING: [IP_Flow 19-3685] Ignored loading user repository 'c:/Users/ashin/OneDrive/Desktop/Lab3_SwordFSM/XUP_LIB/XUP_LIB/Location4'. The path is contained within another repository.
WARNING: [IP_Flow 19-3685] Ignored loading user repository 'c:/Users/ashin/OneDrive/Desktop/Lab3_SwordFSM/XUP_LIB/XUP_LIB/Location3'. The path is contained within another repository.
WARNING: [IP_Flow 19-3685] Ignored loading user repository 'c:/Users/ashin/OneDrive/Desktop/Lab3_SwordFSM/XUP_LIB/XUP_LIB/Location2'. The path is contained within another repository.
WARNING: [IP_Flow 19-3685] Ignored loading user repository 'c:/Users/ashin/OneDrive/Desktop/Lab3_SwordFSM/XUP_LIB/XUP_LIB/Location1'. The path is contained within another repository.
WARNING: [IP_Flow 19-3685] Ignored loading user repository 'c:/Users/ashin/OneDrive/Desktop/Lab3_SwordFSM/XUP_LIB/XUP_LIB/Location0'. The path is contained within another repository.
WARNING: [IP_Flow 19-3685] Ignored loading user repository 'c:/Users/ashin/OneDrive/Desktop/Lab3_SwordFSM/XUP_LIB/XUP_LIB/Location5'. The path is contained within another repository.
WARNING: [IP_Flow 19-3685] Ignored loading user repository 'c:/Users/ashin/OneDrive/Desktop/Lab3_SwordFSM/XUP_LIB/XUP_LIB/Location6'. The path is contained within another repository.
INFO: [IP_Flow 19-2313] Loaded Vivado IP repository 'D:/Vivado/Vivado/2021.2/data/ip'.
Command: synth_design -top FullGameSchema_Edge_Detector_0_0 -part xc7a100tcsg324-1 -mode out_of_context
Starting synth_design
Attempting to get a license for feature 'Synthesis' and/or device 'xc7a100t'
INFO: [Common 17-349] Got license for feature 'Synthesis' and/or device 'xc7a100t'
INFO: [Synth 8-7079] Multithreading enabled for synth_design using a maximum of 2 processes.
INFO: [Synth 8-7078] Launching helper process for spawning children vivado processes
INFO: [Synth 8-7075] Helper process launched with PID 15196
---------------------------------------------------------------------------------
Starting Synthesize : Time (s): cpu = 00:00:13 ; elapsed = 00:00:13 . Memory (MB): peak = 1234.168 ; gain = 354.445
---------------------------------------------------------------------------------
INFO: [Synth 8-6157] synthesizing module 'FullGameSchema_Edge_Detector_0_0' [c:/Users/ashin/OneDrive/Desktop/Lab3_SwordFSM/lab3/lab3.gen/sources_1/bd/FullGameSchema/ip/FullGameSchema_Edge_Detector_0_0/synth/FullGameSchema_Edge_Detector_0_0.v:56]
INFO: [Synth 8-6157] synthesizing module 'Edge_Detector' [c:/Users/ashin/OneDrive/Desktop/Lab3_SwordFSM/lab3/lab3.gen/sources_1/bd/FullGameSchema/ipshared/e1c7/src/Edge_Detector.v:25]
INFO: [Synth 8-6155] done synthesizing module 'Edge_Detector' (1#1) [c:/Users/ashin/OneDrive/Desktop/Lab3_SwordFSM/lab3/lab3.gen/sources_1/bd/FullGameSchema/ipshared/e1c7/src/Edge_Detector.v:25]
INFO: [Synth 8-6155] done synthesizing module 'FullGameSchema_Edge_Detector_0_0' (2#1) [c:/Users/ashin/OneDrive/Desktop/Lab3_SwordFSM/lab3/lab3.gen/sources_1/bd/FullGameSchema/ip/FullGameSchema_Edge_Detector_0_0/synth/FullGameSchema_Edge_Detector_0_0.v:56]
---------------------------------------------------------------------------------
Finished Synthesize : Time (s): cpu = 00:00:15 ; elapsed = 00:00:16 . Memory (MB): peak = 1292.145 ; gain = 412.422
---------------------------------------------------------------------------------
---------------------------------------------------------------------------------
Finished Constraint Validation : Time (s): cpu = 00:00:15 ; elapsed = 00:00:16 . Memory (MB): peak = 1292.145 ; gain = 412.422
---------------------------------------------------------------------------------
---------------------------------------------------------------------------------
Start Loading Part and Timing Information
---------------------------------------------------------------------------------
Loading part: xc7a100tcsg324-1
---------------------------------------------------------------------------------
Finished Loading Part and Timing Information : Time (s): cpu = 00:00:15 ; elapsed = 00:00:16 . Memory (MB): peak = 1292.145 ; gain = 412.422
---------------------------------------------------------------------------------
---------------------------------------------------------------------------------
Finished RTL Optimization Phase 2 : Time (s): cpu = 00:00:15 ; elapsed = 00:00:16 . Memory (MB): peak = 1292.145 ; gain = 412.422
---------------------------------------------------------------------------------
INFO: [Device 21-403] Loading part xc7a100tcsg324-1
No constraint files found.
---------------------------------------------------------------------------------
Start RTL Component Statistics 
---------------------------------------------------------------------------------
Detailed RTL Component Info : 
+---Registers : 
	                1 Bit    Registers := 3     
---------------------------------------------------------------------------------
Finished RTL Component Statistics 
---------------------------------------------------------------------------------
---------------------------------------------------------------------------------
Start Part Resource Summary
---------------------------------------------------------------------------------
Part Resources:
DSPs: 240 (col length:80)
BRAMs: 270 (col length: RAMB18 80 RAMB36 40)
---------------------------------------------------------------------------------
Finished Part Resource Summary
---------------------------------------------------------------------------------
No constraint files found.
---------------------------------------------------------------------------------
Start Cross Boundary and Area Optimization
---------------------------------------------------------------------------------
WARNING: [Synth 8-7080] Parallel synthesis criteria is not met
---------------------------------------------------------------------------------
Finished Cross Boundary and Area Optimization : Time (s): cpu = 00:00:27 ; elapsed = 00:00:40 . Memory (MB): peak = 1955.727 ; gain = 1076.004
---------------------------------------------------------------------------------
No constraint files found.
---------------------------------------------------------------------------------
Start Timing Optimization
---------------------------------------------------------------------------------
---------------------------------------------------------------------------------
Finished Timing Optimization : Time (s): cpu = 00:00:27 ; elapsed = 00:00:40 . Memory (MB): peak = 1955.727 ; gain = 1076.004
---------------------------------------------------------------------------------
---------------------------------------------------------------------------------
Start Technology Mapping
---------------------------------------------------------------------------------
---------------------------------------------------------------------------------
Finished Technology Mapping : Time (s): cpu = 00:00:27 ; elapsed = 00:00:40 . Memory (MB): peak = 1955.727 ; gain = 1076.004
---------------------------------------------------------------------------------
---------------------------------------------------------------------------------
Start IO Insertion
---------------------------------------------------------------------------------
---------------------------------------------------------------------------------
Start Flattening Before IO Insertion
---------------------------------------------------------------------------------
---------------------------------------------------------------------------------
Finished Flattening Before IO Insertion
---------------------------------------------------------------------------------
---------------------------------------------------------------------------------
Start Final Netlist Cleanup
---------------------------------------------------------------------------------
---------------------------------------------------------------------------------
Finished Final Netlist Cleanup
---------------------------------------------------------------------------------
---------------------------------------------------------------------------------
Finished IO Insertion : Time (s): cpu = 00:00:35 ; elapsed = 00:00:53 . Memory (MB): peak = 1955.727 ; gain = 1076.004
---------------------------------------------------------------------------------
---------------------------------------------------------------------------------
Start Renaming Generated Instances
---------------------------------------------------------------------------------
---------------------------------------------------------------------------------
Finished Renaming Generated Instances : Time (s): cpu = 00:00:35 ; elapsed = 00:00:53 . Memory (MB): peak = 1955.727 ; gain = 1076.004
---------------------------------------------------------------------------------
---------------------------------------------------------------------------------
Start Rebuilding User Hierarchy
---------------------------------------------------------------------------------
---------------------------------------------------------------------------------
Finished Rebuilding User Hierarchy : Time (s): cpu = 00:00:35 ; elapsed = 00:00:53 . Memory (MB): peak = 1955.727 ; gain = 1076.004
---------------------------------------------------------------------------------
---------------------------------------------------------------------------------
Start Renaming Generated Ports
---------------------------------------------------------------------------------
---------------------------------------------------------------------------------
Finished Renaming Generated Ports : Time (s): cpu = 00:00:35 ; elapsed = 00:00:53 . Memory (MB): peak = 1955.727 ; gain = 1076.004
---------------------------------------------------------------------------------
---------------------------------------------------------------------------------
Start Handling Custom Attributes
---------------------------------------------------------------------------------
---------------------------------------------------------------------------------
Finished Handling Custom Attributes : Time (s): cpu = 00:00:35 ; elapsed = 00:00:53 . Memory (MB): peak = 1955.727 ; gain = 1076.004
---------------------------------------------------------------------------------
---------------------------------------------------------------------------------
Start Renaming Generated Nets
---------------------------------------------------------------------------------
---------------------------------------------------------------------------------
Finished Renaming Generated Nets : Time (s): cpu = 00:00:35 ; elapsed = 00:00:53 . Memory (MB): peak = 1955.727 ; gain = 1076.004
---------------------------------------------------------------------------------
---------------------------------------------------------------------------------
Start Writing Synthesis Report
---------------------------------------------------------------------------------

Report BlackBoxes: 
+-+--------------+----------+
| |BlackBox name |Instances |
+-+--------------+----------+
+-+--------------+----------+

Report Cell Usage: 
+------+-----+------+
|      |Cell |Count |
+------+-----+------+
|1     |LUT2 |     2|
|2     |FDRE |     3|
+------+-----+------+

Report Instance Areas: 
+------+---------+--------------+------+
|      |Instance |Module        |Cells |
+------+---------+--------------+------+
|1     |top      |              |     5|
|2     |  inst   |Edge_Detector |     5|
+------+---------+--------------+------+
---------------------------------------------------------------------------------
Finished Writing Synthesis Report : Time (s): cpu = 00:00:35 ; elapsed = 00:00:53 . Memory (MB): peak = 1955.727 ; gain = 1076.004
---------------------------------------------------------------------------------
Synthesis finished with 0 errors, 0 critical warnings and 1 warnings.
Synthesis Optimization Runtime : Time (s): cpu = 00:00:35 ; elapsed = 00:00:54 . Memory (MB): peak = 1955.727 ; gain = 1076.004
Synthesis Optimization Complete : Time (s): cpu = 00:00:35 ; elapsed = 00:00:54 . Memory (MB): peak = 1955.727 ; gain = 1076.004
INFO: [Project 1-571] Translating synthesized netlist
Netlist sorting complete. Time (s): cpu = 00:00:00 ; elapsed = 00:00:00 . Memory (MB): peak = 1955.727 ; gain = 0.000
INFO: [Project 1-570] Preparing netlist for logic optimization
INFO: [Opt 31-138] Pushed 0 inverter(s) to 0 load pin(s).
Netlist sorting complete. Time (s): cpu = 00:00:00 ; elapsed = 00:00:00 . Memory (MB): peak = 1955.727 ; gain = 0.000
INFO: [Project 1-111] Unisim Transformation Summary:
No Unisim elements were transformed.

Synth Design complete, checksum: ce031d3f
INFO: [Common 17-83] Releasing license: Synthesis
17 Infos, 9 Warnings, 0 Critical Warnings and 0 Errors encountered.
synth_design completed successfully
synth_design: Time (s): cpu = 00:00:39 ; elapsed = 00:01:08 . Memory (MB): peak = 1955.727 ; gain = 1078.730
INFO: [Timing 38-35] Done setting XDC timing constraints.
INFO: [Common 17-1381] The checkpoint 'C:/Users/ashin/OneDrive/Desktop/Lab3_SwordFSM/lab3/lab3.runs/FullGameSchema_Edge_Detector_0_0_synth_1/FullGameSchema_Edge_Detector_0_0.dcp' has been generated.
write_checkpoint: Time (s): cpu = 00:00:15 ; elapsed = 00:00:23 . Memory (MB): peak = 1955.727 ; gain = 0.000
WARNING: [Coretcl 2-1799] Unable to create IP cache entry for IP FullGameSchema_Edge_Detector_0_0: Unable to create cache entry directory: c:/Users/ashin/OneDrive/Desktop/Lab3_SwordFSM/lab3/lab3.cache/ip/2021.2/b/c/bc6af9eaae3ce056
INFO: [Common 17-1381] The checkpoint 'C:/Users/ashin/OneDrive/Desktop/Lab3_SwordFSM/lab3/lab3.runs/FullGameSchema_Edge_Detector_0_0_synth_1/FullGameSchema_Edge_Detector_0_0.dcp' has been generated.
INFO: [runtcl-4] Executing : report_utilization -file FullGameSchema_Edge_Detector_0_0_utilization_synth.rpt -pb FullGameSchema_Edge_Detector_0_0_utilization_synth.pb
INFO: [Common 17-206] Exiting Vivado at Tue Mar 15 17:42:02 2022...

*** Running vivado
    with args -log FullGameSchema_Edge_Detector_0_0.vds -m64 -product Vivado -mode batch -messageDb vivado.pb -notrace -source FullGameSchema_Edge_Detector_0_0.tcl



****** Vivado v2021.2 (64-bit)
  **** SW Build 3367213 on Tue Oct 19 02:48:09 MDT 2021
  **** IP Build 3369179 on Thu Oct 21 08:25:16 MDT 2021
    ** Copyright 1986-2021 Xilinx, Inc. All Rights Reserved.

source FullGameSchema_Edge_Detector_0_0.tcl -notrace
create_project: Time (s): cpu = 00:00:05 ; elapsed = 00:00:05 . Memory (MB): peak = 1257.207 ; gain = 0.000
INFO: [IP_Flow 19-234] Refreshing IP repositories
WARNING: [IP_Flow 19-3685] Ignored loading user repository 'c:/Users/ashin/OneDrive/Desktop/Lab3_SwordFSM/XUP_LIB/XUP_LIB/SwordFSM'. The path is contained within another repository.
INFO: [IP_Flow 19-1700] Loaded user IP repository 'c:/Users/ashin/OneDrive/Desktop/Lab3_SwordFSM/XUP_LIB/XUP_LIB'.
WARNING: [IP_Flow 19-3685] Ignored loading user repository 'c:/Users/ashin/OneDrive/Desktop/Lab3_SwordFSM/XUP_LIB/XUP_LIB/Location4'. The path is contained within another repository.
WARNING: [IP_Flow 19-3685] Ignored loading user repository 'c:/Users/ashin/OneDrive/Desktop/Lab3_SwordFSM/XUP_LIB/XUP_LIB/Location3'. The path is contained within another repository.
WARNING: [IP_Flow 19-3685] Ignored loading user repository 'c:/Users/ashin/OneDrive/Desktop/Lab3_SwordFSM/XUP_LIB/XUP_LIB/Location2'. The path is contained within another repository.
WARNING: [IP_Flow 19-3685] Ignored loading user repository 'c:/Users/ashin/OneDrive/Desktop/Lab3_SwordFSM/XUP_LIB/XUP_LIB/Location1'. The path is contained within another repository.
WARNING: [IP_Flow 19-3685] Ignored loading user repository 'c:/Users/ashin/OneDrive/Desktop/Lab3_SwordFSM/XUP_LIB/XUP_LIB/Location0'. The path is contained within another repository.
WARNING: [IP_Flow 19-3685] Ignored loading user repository 'c:/Users/ashin/OneDrive/Desktop/Lab3_SwordFSM/XUP_LIB/XUP_LIB/Location5'. The path is contained within another repository.
WARNING: [IP_Flow 19-3685] Ignored loading user repository 'c:/Users/ashin/OneDrive/Desktop/Lab3_SwordFSM/XUP_LIB/XUP_LIB/Location6'. The path is contained within another repository.
INFO: [IP_Flow 19-2313] Loaded Vivado IP repository 'D:/Vivado/Vivado/2021.2/data/ip'.
INFO: [IP_Flow 19-4838] Using cached IP synthesis design for IP FullGameSchema_Edge_Detector_0_0, cache-ID = bc6af9eaae3ce056.
INFO: [Common 17-206] Exiting Vivado at Tue Mar 15 17:42:37 2022...
