
*** Running vivado
    with args -log FullGameSchema_SwordFSM_wrapper_0_0.vds -m64 -product Vivado -mode batch -messageDb vivado.pb -notrace -source FullGameSchema_SwordFSM_wrapper_0_0.tcl



****** Vivado v2021.2 (64-bit)
  **** SW Build 3367213 on Tue Oct 19 02:48:09 MDT 2021
  **** IP Build 3369179 on Thu Oct 21 08:25:16 MDT 2021
    ** Copyright 1986-2021 Xilinx, Inc. All Rights Reserved.

source FullGameSchema_SwordFSM_wrapper_0_0.tcl -notrace
create_project: Time (s): cpu = 00:00:04 ; elapsed = 00:00:05 . Memory (MB): peak = 845.172 ; gain = 94.270
INFO: [IP_Flow 19-234] Refreshing IP repositories
WARNING: [IP_Flow 19-3685] Ignored loading user repository 'c:/Users/ashin/OneDrive/Desktop/Lab3_SwordFSM/XUP_LIB/XUP_LIB/SwordFSM'. The path is contained within another repository.
INFO: [IP_Flow 19-1700] Loaded user IP repository 'c:/Users/ashin/OneDrive/Desktop/Lab3_SwordFSM/XUP_LIB/XUP_LIB'.
WARNING: [IP_Flow 19-3685] Ignored loading user repository 'c:/Users/ashin/OneDrive/Desktop/Lab3_SwordFSM/XUP_LIB/XUP_LIB/Location4'. The path is contained within another repository.
WARNING: [IP_Flow 19-3685] Ignored loading user repository 'c:/Users/ashin/OneDrive/Desktop/Lab3_SwordFSM/XUP_LIB/XUP_LIB/Location3'. The path is contained within another repository.
WARNING: [IP_Flow 19-3685] Ignored loading user repository 'c:/Users/ashin/OneDrive/Desktop/Lab3_SwordFSM/XUP_LIB/XUP_LIB/Location2'. The path is contained within another repository.
WARNING: [IP_Flow 19-3685] Ignored loading user repository 'c:/Users/ashin/OneDrive/Desktop/Lab3_SwordFSM/XUP_LIB/XUP_LIB/Location1'. The path is contained within another repository.
WARNING: [IP_Flow 19-3685] Ignored loading user repository 'c:/Users/ashin/OneDrive/Desktop/Lab3_SwordFSM/XUP_LIB/XUP_LIB/Location0'. The path is contained within another repository.
WARNING: [IP_Flow 19-3685] Ignored loading user repository 'c:/Users/ashin/OneDrive/Desktop/Lab3_SwordFSM/XUP_LIB/XUP_LIB/Location5'. The path is contained within another repository.
WARNING: [IP_Flow 19-3685] Ignored loading user repository 'c:/Users/ashin/OneDrive/Desktop/Lab3_SwordFSM/XUP_LIB/XUP_LIB/Location6'. The path is contained within another repository.
INFO: [IP_Flow 19-2313] Loaded Vivado IP repository 'D:/Vivado/Vivado/2021.2/data/ip'.
Command: synth_design -top FullGameSchema_SwordFSM_wrapper_0_0 -part xc7a100tcsg324-1 -mode out_of_context
Starting synth_design
Attempting to get a license for feature 'Synthesis' and/or device 'xc7a100t'

*** Running vivado
    with args -log FullGameSchema_SwordFSM_wrapper_0_0.vds -m64 -product Vivado -mode batch -messageDb vivado.pb -notrace -source FullGameSchema_SwordFSM_wrapper_0_0.tcl



****** Vivado v2021.2 (64-bit)
  **** SW Build 3367213 on Tue Oct 19 02:48:09 MDT 2021
  **** IP Build 3369179 on Thu Oct 21 08:25:16 MDT 2021
    ** Copyright 1986-2021 Xilinx, Inc. All Rights Reserved.

source FullGameSchema_SwordFSM_wrapper_0_0.tcl -notrace
create_project: Time (s): cpu = 00:00:05 ; elapsed = 00:00:16 . Memory (MB): peak = 845.891 ; gain = 95.750
INFO: [IP_Flow 19-234] Refreshing IP repositories
WARNING: [IP_Flow 19-3685] Ignored loading user repository 'c:/Users/ashin/OneDrive/Desktop/Lab3_SwordFSM/XUP_LIB/XUP_LIB/SwordFSM'. The path is contained within another repository.
INFO: [IP_Flow 19-1700] Loaded user IP repository 'c:/Users/ashin/OneDrive/Desktop/Lab3_SwordFSM/XUP_LIB/XUP_LIB'.
WARNING: [IP_Flow 19-3685] Ignored loading user repository 'c:/Users/ashin/OneDrive/Desktop/Lab3_SwordFSM/XUP_LIB/XUP_LIB/Location4'. The path is contained within another repository.
WARNING: [IP_Flow 19-3685] Ignored loading user repository 'c:/Users/ashin/OneDrive/Desktop/Lab3_SwordFSM/XUP_LIB/XUP_LIB/Location3'. The path is contained within another repository.
WARNING: [IP_Flow 19-3685] Ignored loading user repository 'c:/Users/ashin/OneDrive/Desktop/Lab3_SwordFSM/XUP_LIB/XUP_LIB/Location2'. The path is contained within another repository.
WARNING: [IP_Flow 19-3685] Ignored loading user repository 'c:/Users/ashin/OneDrive/Desktop/Lab3_SwordFSM/XUP_LIB/XUP_LIB/Location1'. The path is contained within another repository.
WARNING: [IP_Flow 19-3685] Ignored loading user repository 'c:/Users/ashin/OneDrive/Desktop/Lab3_SwordFSM/XUP_LIB/XUP_LIB/Location0'. The path is contained within another repository.
WARNING: [IP_Flow 19-3685] Ignored loading user repository 'c:/Users/ashin/OneDrive/Desktop/Lab3_SwordFSM/XUP_LIB/XUP_LIB/Location5'. The path is contained within another repository.
WARNING: [IP_Flow 19-3685] Ignored loading user repository 'c:/Users/ashin/OneDrive/Desktop/Lab3_SwordFSM/XUP_LIB/XUP_LIB/Location6'. The path is contained within another repository.
INFO: [IP_Flow 19-2313] Loaded Vivado IP repository 'D:/Vivado/Vivado/2021.2/data/ip'.
Command: synth_design -top FullGameSchema_SwordFSM_wrapper_0_0 -part xc7a100tcsg324-1 -mode out_of_context
Starting synth_design
Attempting to get a license for feature 'Synthesis' and/or device 'xc7a100t'
INFO: [Common 17-349] Got license for feature 'Synthesis' and/or device 'xc7a100t'
INFO: [Device 21-403] Loading part xc7a100tcsg324-1
INFO: [Synth 8-7079] Multithreading enabled for synth_design using a maximum of 2 processes.
INFO: [Synth 8-7078] Launching helper process for spawning children vivado processes
INFO: [Synth 8-7075] Helper process launched with PID 14268
WARNING: [Synth 8-2611] redeclaration of ansi port q is not allowed [c:/Users/ashin/OneDrive/Desktop/Lab3_SwordFSM/lab3/lab3.gen/sources_1/bd/FullGameSchema/ip/FullGameSchema_SwordFSM_wrapper_0_0/ipshared/727d/src/xup_dff_reset.v:11]
---------------------------------------------------------------------------------
Starting RTL Elaboration : Time (s): cpu = 00:00:14 ; elapsed = 00:00:16 . Memory (MB): peak = 1735.590 ; gain = 0.000
---------------------------------------------------------------------------------
INFO: [Synth 8-6157] synthesizing module 'FullGameSchema_SwordFSM_wrapper_0_0' [c:/Users/ashin/OneDrive/Desktop/Lab3_SwordFSM/lab3/lab3.gen/sources_1/bd/FullGameSchema/ip/FullGameSchema_SwordFSM_wrapper_0_0/synth/FullGameSchema_SwordFSM_wrapper_0_0.v:58]
INFO: [Synth 8-6157] synthesizing module 'SwordFSM_wrapper' [c:/Users/ashin/OneDrive/Desktop/Lab3_SwordFSM/lab3/lab3.gen/sources_1/bd/FullGameSchema/ipshared/7497/src/SwordFSM_wrapper.v:12]
INFO: [Synth 8-6157] synthesizing module 'SwordFSM' [c:/Users/ashin/OneDrive/Desktop/Lab3_SwordFSM/lab3/lab3.gen/sources_1/bd/FullGameSchema/ipshared/7497/src/SwordFSM.v:13]
INFO: [Synth 8-6157] synthesizing module 'SwordFSM_Sword_0_0' [c:/Users/ashin/OneDrive/Desktop/Lab3_SwordFSM/lab3/lab3.gen/sources_1/bd/FullGameSchema/ip/FullGameSchema_SwordFSM_wrapper_0_0/src/SwordFSM_Sword_0_0/synth/SwordFSM_Sword_0_0.v:58]
INFO: [Synth 8-6157] synthesizing module 'Sword' [c:/Users/ashin/OneDrive/Desktop/Lab3_SwordFSM/lab3/lab3.gen/sources_1/bd/FullGameSchema/ip/FullGameSchema_SwordFSM_wrapper_0_0/ipshared/ce27/src/Sword.v:23]
INFO: [Synth 8-6155] done synthesizing module 'Sword' (1#1) [c:/Users/ashin/OneDrive/Desktop/Lab3_SwordFSM/lab3/lab3.gen/sources_1/bd/FullGameSchema/ip/FullGameSchema_SwordFSM_wrapper_0_0/ipshared/ce27/src/Sword.v:23]
INFO: [Synth 8-6155] done synthesizing module 'SwordFSM_Sword_0_0' (2#1) [c:/Users/ashin/OneDrive/Desktop/Lab3_SwordFSM/lab3/lab3.gen/sources_1/bd/FullGameSchema/ip/FullGameSchema_SwordFSM_wrapper_0_0/src/SwordFSM_Sword_0_0/synth/SwordFSM_Sword_0_0.v:58]
INFO: [Synth 8-6157] synthesizing module 'SwordFSM_xup_dff_reset_0_0' [c:/Users/ashin/OneDrive/Desktop/Lab3_SwordFSM/lab3/lab3.gen/sources_1/bd/FullGameSchema/ip/FullGameSchema_SwordFSM_wrapper_0_0/src/SwordFSM_xup_dff_reset_0_0/synth/SwordFSM_xup_dff_reset_0_0.v:58]
INFO: [Synth 8-6157] synthesizing module 'xup_dff_reset' [c:/Users/ashin/OneDrive/Desktop/Lab3_SwordFSM/lab3/lab3.gen/sources_1/bd/FullGameSchema/ip/FullGameSchema_SwordFSM_wrapper_0_0/ipshared/727d/src/xup_dff_reset.v:5]
INFO: [Synth 8-6155] done synthesizing module 'xup_dff_reset' (3#1) [c:/Users/ashin/OneDrive/Desktop/Lab3_SwordFSM/lab3/lab3.gen/sources_1/bd/FullGameSchema/ip/FullGameSchema_SwordFSM_wrapper_0_0/ipshared/727d/src/xup_dff_reset.v:5]
INFO: [Synth 8-6155] done synthesizing module 'SwordFSM_xup_dff_reset_0_0' (4#1) [c:/Users/ashin/OneDrive/Desktop/Lab3_SwordFSM/lab3/lab3.gen/sources_1/bd/FullGameSchema/ip/FullGameSchema_SwordFSM_wrapper_0_0/src/SwordFSM_xup_dff_reset_0_0/synth/SwordFSM_xup_dff_reset_0_0.v:58]
INFO: [Synth 8-6155] done synthesizing module 'SwordFSM' (5#1) [c:/Users/ashin/OneDrive/Desktop/Lab3_SwordFSM/lab3/lab3.gen/sources_1/bd/FullGameSchema/ipshared/7497/src/SwordFSM.v:13]
INFO: [Synth 8-6155] done synthesizing module 'SwordFSM_wrapper' (6#1) [c:/Users/ashin/OneDrive/Desktop/Lab3_SwordFSM/lab3/lab3.gen/sources_1/bd/FullGameSchema/ipshared/7497/src/SwordFSM_wrapper.v:12]
INFO: [Synth 8-6155] done synthesizing module 'FullGameSchema_SwordFSM_wrapper_0_0' (7#1) [c:/Users/ashin/OneDrive/Desktop/Lab3_SwordFSM/lab3/lab3.gen/sources_1/bd/FullGameSchema/ip/FullGameSchema_SwordFSM_wrapper_0_0/synth/FullGameSchema_SwordFSM_wrapper_0_0.v:58]
---------------------------------------------------------------------------------
Finished RTL Elaboration : Time (s): cpu = 00:00:16 ; elapsed = 00:00:18 . Memory (MB): peak = 1735.590 ; gain = 0.000
---------------------------------------------------------------------------------
---------------------------------------------------------------------------------
Start Handling Custom Attributes
---------------------------------------------------------------------------------
---------------------------------------------------------------------------------
Finished Handling Custom Attributes : Time (s): cpu = 00:00:16 ; elapsed = 00:00:18 . Memory (MB): peak = 1735.590 ; gain = 0.000
---------------------------------------------------------------------------------
---------------------------------------------------------------------------------
Finished RTL Optimization Phase 1 : Time (s): cpu = 00:00:16 ; elapsed = 00:00:18 . Memory (MB): peak = 1735.590 ; gain = 0.000
---------------------------------------------------------------------------------
Netlist sorting complete. Time (s): cpu = 00:00:00 ; elapsed = 00:00:00 . Memory (MB): peak = 1735.590 ; gain = 0.000
INFO: [Project 1-570] Preparing netlist for logic optimization

Processing XDC Constraints
Initializing timing engine
Parsing XDC File [c:/Users/ashin/OneDrive/Desktop/Lab3_SwordFSM/lab3/lab3.gen/sources_1/bd/FullGameSchema/ip/FullGameSchema_SwordFSM_wrapper_0_0/src/SwordFSM_ooc.xdc] for cell 'inst/SwordFSM_i'
Finished Parsing XDC File [c:/Users/ashin/OneDrive/Desktop/Lab3_SwordFSM/lab3/lab3.gen/sources_1/bd/FullGameSchema/ip/FullGameSchema_SwordFSM_wrapper_0_0/src/SwordFSM_ooc.xdc] for cell 'inst/SwordFSM_i'
WARNING: [Designutils 20-1758] instance inst wraps a black box. Constraint reading is skipped for elaborated designs in this case. Skipping constraint file 'c:/Users/ashin/OneDrive/Desktop/Lab3_SwordFSM/lab3/lab3.gen/sources_1/bd/FullGameSchema/ip/FullGameSchema_SwordFSM_wrapper_0_0/src/SwordFSM_Sword_0_0/src/Nexys-A7-100T-Master.xdc'.
Parsing XDC File [c:/Users/ashin/OneDrive/Desktop/Lab3_SwordFSM/lab3/lab3.gen/sources_1/bd/FullGameSchema/ip/FullGameSchema_SwordFSM_wrapper_0_0/src/Nexys-A7-100T-Master.xdc] for cell 'inst'
Finished Parsing XDC File [c:/Users/ashin/OneDrive/Desktop/Lab3_SwordFSM/lab3/lab3.gen/sources_1/bd/FullGameSchema/ip/FullGameSchema_SwordFSM_wrapper_0_0/src/Nexys-A7-100T-Master.xdc] for cell 'inst'
Parsing XDC File [C:/Users/ashin/OneDrive/Desktop/Lab3_SwordFSM/lab3/lab3.runs/FullGameSchema_SwordFSM_wrapper_0_0_synth_1/dont_touch.xdc]
Finished Parsing XDC File [C:/Users/ashin/OneDrive/Desktop/Lab3_SwordFSM/lab3/lab3.runs/FullGameSchema_SwordFSM_wrapper_0_0_synth_1/dont_touch.xdc]
INFO: [Project 1-236] Implementation specific constraints were found while reading constraint file [C:/Users/ashin/OneDrive/Desktop/Lab3_SwordFSM/lab3/lab3.runs/FullGameSchema_SwordFSM_wrapper_0_0_synth_1/dont_touch.xdc]. These constraints will be ignored for synthesis but will be used in implementation. Impacted constraints are listed in the file [.Xil/FullGameSchema_SwordFSM_wrapper_0_0_propImpl.xdc].
Resolution: To avoid this warning, move constraints listed in [.Xil/FullGameSchema_SwordFSM_wrapper_0_0_propImpl.xdc] to another XDC file and exclude this new file from synthesis with the used_in_synthesis property (File Properties dialog in GUI) and re-run elaboration/synthesis.
Completed Processing XDC Constraints

Netlist sorting complete. Time (s): cpu = 00:00:00 ; elapsed = 00:00:00 . Memory (MB): peak = 1735.590 ; gain = 0.000
INFO: [Project 1-111] Unisim Transformation Summary:
No Unisim elements were transformed.

Constraint Validation Runtime : Time (s): cpu = 00:00:00 ; elapsed = 00:00:00.025 . Memory (MB): peak = 1735.590 ; gain = 0.000
---------------------------------------------------------------------------------
Finished Constraint Validation : Time (s): cpu = 00:00:31 ; elapsed = 00:00:33 . Memory (MB): peak = 1735.590 ; gain = 0.000
---------------------------------------------------------------------------------
---------------------------------------------------------------------------------
Start Loading Part and Timing Information
---------------------------------------------------------------------------------
Loading part: xc7a100tcsg324-1
---------------------------------------------------------------------------------
Finished Loading Part and Timing Information : Time (s): cpu = 00:00:31 ; elapsed = 00:00:33 . Memory (MB): peak = 1735.590 ; gain = 0.000
---------------------------------------------------------------------------------
---------------------------------------------------------------------------------
Start Applying 'set_property' XDC Constraints
---------------------------------------------------------------------------------
Applied set_property KEEP_HIERARCHY = SOFT for inst/SwordFSM_i/Sword_0/inst. (constraint file  C:/Users/ashin/OneDrive/Desktop/Lab3_SwordFSM/lab3/lab3.runs/FullGameSchema_SwordFSM_wrapper_0_0_synth_1/dont_touch.xdc, line 14).
Applied set_property KEEP_HIERARCHY = SOFT for inst. (constraint file  C:/Users/ashin/OneDrive/Desktop/Lab3_SwordFSM/lab3/lab3.runs/FullGameSchema_SwordFSM_wrapper_0_0_synth_1/dont_touch.xdc, line 18).
Applied set_property KEEP_HIERARCHY = SOFT for inst/SwordFSM_i/xup_dff_reset_0. (constraint file  auto generated constraint).
Applied set_property KEEP_HIERARCHY = SOFT for inst/SwordFSM_i/Sword_0. (constraint file  auto generated constraint).
---------------------------------------------------------------------------------
Finished applying 'set_property' XDC Constraints : Time (s): cpu = 00:00:31 ; elapsed = 00:00:33 . Memory (MB): peak = 1735.590 ; gain = 0.000
---------------------------------------------------------------------------------
---------------------------------------------------------------------------------
Finished RTL Optimization Phase 2 : Time (s): cpu = 00:00:31 ; elapsed = 00:00:34 . Memory (MB): peak = 1735.590 ; gain = 0.000
---------------------------------------------------------------------------------
---------------------------------------------------------------------------------
Start RTL Component Statistics 
---------------------------------------------------------------------------------
Detailed RTL Component Info : 
+---Adders : 
	   2 Input    1 Bit       Adders := 1     
+---Registers : 
	                1 Bit    Registers := 1     
---------------------------------------------------------------------------------
Finished RTL Component Statistics 
---------------------------------------------------------------------------------
---------------------------------------------------------------------------------
Start Part Resource Summary
---------------------------------------------------------------------------------
Part Resources:
DSPs: 240 (col length:80)
BRAMs: 270 (col length: RAMB18 80 RAMB36 40)
---------------------------------------------------------------------------------
Finished Part Resource Summary
---------------------------------------------------------------------------------
---------------------------------------------------------------------------------
Start Cross Boundary and Area Optimization
---------------------------------------------------------------------------------
WARNING: [Synth 8-7080] Parallel synthesis criteria is not met
---------------------------------------------------------------------------------
Finished Cross Boundary and Area Optimization : Time (s): cpu = 00:00:34 ; elapsed = 00:00:37 . Memory (MB): peak = 1735.590 ; gain = 0.000
---------------------------------------------------------------------------------
---------------------------------------------------------------------------------
Start Applying XDC Timing Constraints
---------------------------------------------------------------------------------
---------------------------------------------------------------------------------
Finished Applying XDC Timing Constraints : Time (s): cpu = 00:00:43 ; elapsed = 00:00:46 . Memory (MB): peak = 1735.590 ; gain = 0.000
---------------------------------------------------------------------------------
---------------------------------------------------------------------------------
Start Timing Optimization
---------------------------------------------------------------------------------
---------------------------------------------------------------------------------
Finished Timing Optimization : Time (s): cpu = 00:00:43 ; elapsed = 00:00:46 . Memory (MB): peak = 1735.590 ; gain = 0.000
---------------------------------------------------------------------------------
---------------------------------------------------------------------------------
Start Technology Mapping
---------------------------------------------------------------------------------
---------------------------------------------------------------------------------
Finished Technology Mapping : Time (s): cpu = 00:00:43 ; elapsed = 00:00:46 . Memory (MB): peak = 1735.590 ; gain = 0.000
---------------------------------------------------------------------------------
---------------------------------------------------------------------------------
Start IO Insertion
---------------------------------------------------------------------------------
---------------------------------------------------------------------------------
Start Flattening Before IO Insertion
---------------------------------------------------------------------------------
---------------------------------------------------------------------------------
Finished Flattening Before IO Insertion
---------------------------------------------------------------------------------
---------------------------------------------------------------------------------
Start Final Netlist Cleanup
---------------------------------------------------------------------------------
---------------------------------------------------------------------------------
Finished Final Netlist Cleanup
---------------------------------------------------------------------------------
---------------------------------------------------------------------------------
Finished IO Insertion : Time (s): cpu = 00:00:50 ; elapsed = 00:00:53 . Memory (MB): peak = 1735.590 ; gain = 0.000
---------------------------------------------------------------------------------
---------------------------------------------------------------------------------
Start Renaming Generated Instances
---------------------------------------------------------------------------------
---------------------------------------------------------------------------------
Finished Renaming Generated Instances : Time (s): cpu = 00:00:50 ; elapsed = 00:00:53 . Memory (MB): peak = 1735.590 ; gain = 0.000
---------------------------------------------------------------------------------
---------------------------------------------------------------------------------
Start Rebuilding User Hierarchy
---------------------------------------------------------------------------------
---------------------------------------------------------------------------------
Finished Rebuilding User Hierarchy : Time (s): cpu = 00:00:50 ; elapsed = 00:00:53 . Memory (MB): peak = 1735.590 ; gain = 0.000
---------------------------------------------------------------------------------
---------------------------------------------------------------------------------
Start Renaming Generated Ports
---------------------------------------------------------------------------------
---------------------------------------------------------------------------------
Finished Renaming Generated Ports : Time (s): cpu = 00:00:50 ; elapsed = 00:00:53 . Memory (MB): peak = 1735.590 ; gain = 0.000
---------------------------------------------------------------------------------
---------------------------------------------------------------------------------
Start Handling Custom Attributes
---------------------------------------------------------------------------------
---------------------------------------------------------------------------------
Finished Handling Custom Attributes : Time (s): cpu = 00:00:50 ; elapsed = 00:00:53 . Memory (MB): peak = 1735.590 ; gain = 0.000
---------------------------------------------------------------------------------
---------------------------------------------------------------------------------
Start Renaming Generated Nets
---------------------------------------------------------------------------------
---------------------------------------------------------------------------------
Finished Renaming Generated Nets : Time (s): cpu = 00:00:50 ; elapsed = 00:00:53 . Memory (MB): peak = 1735.590 ; gain = 0.000
---------------------------------------------------------------------------------
---------------------------------------------------------------------------------
Start Writing Synthesis Report
---------------------------------------------------------------------------------

Report BlackBoxes: 
+-+--------------+----------+
| |BlackBox name |Instances |
+-+--------------+----------+
+-+--------------+----------+

Report Cell Usage: 
+------+-----+------+
|      |Cell |Count |
+------+-----+------+
|1     |LUT2 |     2|
|2     |FDRE |     1|
+------+-----+------+
---------------------------------------------------------------------------------
Finished Writing Synthesis Report : Time (s): cpu = 00:00:50 ; elapsed = 00:00:53 . Memory (MB): peak = 1735.590 ; gain = 0.000
---------------------------------------------------------------------------------
Synthesis finished with 0 errors, 0 critical warnings and 1 warnings.
Synthesis Optimization Runtime : Time (s): cpu = 00:00:31 ; elapsed = 00:00:50 . Memory (MB): peak = 1735.590 ; gain = 0.000
Synthesis Optimization Complete : Time (s): cpu = 00:00:50 ; elapsed = 00:00:53 . Memory (MB): peak = 1735.590 ; gain = 0.000
INFO: [Project 1-571] Translating synthesized netlist
Netlist sorting complete. Time (s): cpu = 00:00:00 ; elapsed = 00:00:00 . Memory (MB): peak = 1735.590 ; gain = 0.000
INFO: [Project 1-570] Preparing netlist for logic optimization
INFO: [Opt 31-138] Pushed 0 inverter(s) to 0 load pin(s).
Netlist sorting complete. Time (s): cpu = 00:00:00 ; elapsed = 00:00:00 . Memory (MB): peak = 1735.590 ; gain = 0.000
INFO: [Project 1-111] Unisim Transformation Summary:
No Unisim elements were transformed.

Synth Design complete, checksum: a79a467b
INFO: [Common 17-83] Releasing license: Synthesis
30 Infos, 11 Warnings, 0 Critical Warnings and 0 Errors encountered.
synth_design completed successfully
synth_design: Time (s): cpu = 00:01:00 ; elapsed = 00:01:07 . Memory (MB): peak = 1735.590 ; gain = 859.898
INFO: [Common 17-1381] The checkpoint 'C:/Users/ashin/OneDrive/Desktop/Lab3_SwordFSM/lab3/lab3.runs/FullGameSchema_SwordFSM_wrapper_0_0_synth_1/FullGameSchema_SwordFSM_wrapper_0_0.dcp' has been generated.
INFO: [Coretcl 2-1648] Added synthesis output to IP cache for IP FullGameSchema_SwordFSM_wrapper_0_0, cache-ID = c5095ffbdddbec99
INFO: [Coretcl 2-1174] Renamed 6 cell refs.
INFO: [Common 17-1381] The checkpoint 'C:/Users/ashin/OneDrive/Desktop/Lab3_SwordFSM/lab3/lab3.runs/FullGameSchema_SwordFSM_wrapper_0_0_synth_1/FullGameSchema_SwordFSM_wrapper_0_0.dcp' has been generated.
INFO: [runtcl-4] Executing : report_utilization -file FullGameSchema_SwordFSM_wrapper_0_0_utilization_synth.rpt -pb FullGameSchema_SwordFSM_wrapper_0_0_utilization_synth.pb
INFO: [Common 17-206] Exiting Vivado at Tue Mar 15 17:43:22 2022...
