Copyright 1986-2021 Xilinx, Inc. All Rights Reserved.
--------------------------------------------------------------------------------------------------------------------------------------------------------------------------------------------------------
| Tool Version : Vivado v.2021.2 (win64) Build 3367213 Tue Oct 19 02:48:09 MDT 2021
| Date         : Tue Mar 15 18:00:03 2022
| Host         : marksdesktop running 64-bit major release  (build 9200)
| Command      : report_methodology -file FullGameSchema_wrapper_methodology_drc_routed.rpt -pb FullGameSchema_wrapper_methodology_drc_routed.pb -rpx FullGameSchema_wrapper_methodology_drc_routed.rpx
| Design       : FullGameSchema_wrapper
| Device       : xc7a100tcsg324-1
| Speed File   : -1
| Design State : Fully Routed
--------------------------------------------------------------------------------------------------------------------------------------------------------------------------------------------------------

Report Methodology

Table of Contents
-----------------
1. REPORT SUMMARY
2. REPORT DETAILS

1. REPORT SUMMARY
-----------------
            Netlist: netlist
          Floorplan: design_1
      Design limits: <entire design considered>
             Max violations: <unlimited>
             Violations found: 22
+-----------+------------------+------------------------------------------------------------------+------------+
| Rule      | Severity         | Description                                                      | Violations |
+-----------+------------------+------------------------------------------------------------------+------------+
| TIMING-17 | Critical Warning | Non-clocked sequential cell                                      | 21         |
| CKLD-2    | Warning          | Clock Net has IO Driver, not a Clock Buf, and/or non-Clock loads | 1          |
+-----------+------------------+------------------------------------------------------------------+------------+

2. REPORT DETAILS
-----------------
TIMING-17#1 Critical Warning
Non-clocked sequential cell  
The clock pin FullGameSchema_i/Edge_Detector_0/inst/delay_1_reg/C is not reached by a timing clock
Related violations: <none>

TIMING-17#2 Critical Warning
Non-clocked sequential cell  
The clock pin FullGameSchema_i/Edge_Detector_0/inst/delay_2_reg/C is not reached by a timing clock
Related violations: <none>

TIMING-17#3 Critical Warning
Non-clocked sequential cell  
The clock pin FullGameSchema_i/Edge_Detector_0/inst/value_reg/C is not reached by a timing clock
Related violations: <none>

TIMING-17#4 Critical Warning
Non-clocked sequential cell  
The clock pin FullGameSchema_i/Edge_Detector_1/inst/delay_1_reg/C is not reached by a timing clock
Related violations: <none>

TIMING-17#5 Critical Warning
Non-clocked sequential cell  
The clock pin FullGameSchema_i/Edge_Detector_1/inst/delay_2_reg/C is not reached by a timing clock
Related violations: <none>

TIMING-17#6 Critical Warning
Non-clocked sequential cell  
The clock pin FullGameSchema_i/Edge_Detector_1/inst/value_reg/C is not reached by a timing clock
Related violations: <none>

TIMING-17#7 Critical Warning
Non-clocked sequential cell  
The clock pin FullGameSchema_i/Edge_Detector_2/inst/delay_1_reg/C is not reached by a timing clock
Related violations: <none>

TIMING-17#8 Critical Warning
Non-clocked sequential cell  
The clock pin FullGameSchema_i/Edge_Detector_2/inst/delay_2_reg/C is not reached by a timing clock
Related violations: <none>

TIMING-17#9 Critical Warning
Non-clocked sequential cell  
The clock pin FullGameSchema_i/Edge_Detector_2/inst/value_reg/C is not reached by a timing clock
Related violations: <none>

TIMING-17#10 Critical Warning
Non-clocked sequential cell  
The clock pin FullGameSchema_i/Edge_Detector_3/inst/delay_1_reg/C is not reached by a timing clock
Related violations: <none>

TIMING-17#11 Critical Warning
Non-clocked sequential cell  
The clock pin FullGameSchema_i/Edge_Detector_3/inst/delay_2_reg/C is not reached by a timing clock
Related violations: <none>

TIMING-17#12 Critical Warning
Non-clocked sequential cell  
The clock pin FullGameSchema_i/Edge_Detector_3/inst/value_reg/C is not reached by a timing clock
Related violations: <none>

TIMING-17#13 Critical Warning
Non-clocked sequential cell  
The clock pin FullGameSchema_i/LocationFSM_wrapper_0/inst/LocationFSM_i/xup_dff_reset_0/inst/q_reg/C is not reached by a timing clock
Related violations: <none>

TIMING-17#14 Critical Warning
Non-clocked sequential cell  
The clock pin FullGameSchema_i/LocationFSM_wrapper_0/inst/LocationFSM_i/xup_dff_reset_1/inst/q_reg/C is not reached by a timing clock
Related violations: <none>

TIMING-17#15 Critical Warning
Non-clocked sequential cell  
The clock pin FullGameSchema_i/LocationFSM_wrapper_0/inst/LocationFSM_i/xup_dff_reset_2/inst/q_reg/C is not reached by a timing clock
Related violations: <none>

TIMING-17#16 Critical Warning
Non-clocked sequential cell  
The clock pin FullGameSchema_i/LocationFSM_wrapper_0/inst/LocationFSM_i/xup_dff_reset_3/inst/q_reg/C is not reached by a timing clock
Related violations: <none>

TIMING-17#17 Critical Warning
Non-clocked sequential cell  
The clock pin FullGameSchema_i/LocationFSM_wrapper_0/inst/LocationFSM_i/xup_dff_reset_3/inst/q_reg_lopt_replica/C is not reached by a timing clock
Related violations: <none>

TIMING-17#18 Critical Warning
Non-clocked sequential cell  
The clock pin FullGameSchema_i/LocationFSM_wrapper_0/inst/LocationFSM_i/xup_dff_reset_4/inst/q_reg/C is not reached by a timing clock
Related violations: <none>

TIMING-17#19 Critical Warning
Non-clocked sequential cell  
The clock pin FullGameSchema_i/LocationFSM_wrapper_0/inst/LocationFSM_i/xup_dff_reset_5/inst/q_reg/C is not reached by a timing clock
Related violations: <none>

TIMING-17#20 Critical Warning
Non-clocked sequential cell  
The clock pin FullGameSchema_i/LocationFSM_wrapper_0/inst/LocationFSM_i/xup_dff_set_0/inst/q_reg/C is not reached by a timing clock
Related violations: <none>

TIMING-17#21 Critical Warning
Non-clocked sequential cell  
The clock pin FullGameSchema_i/SwordFSM_wrapper_0/inst/SwordFSM_i/xup_dff_reset_0/inst/q_reg/C is not reached by a timing clock
Related violations: <none>

CKLD-2#1 Warning
Clock Net has IO Driver, not a Clock Buf, and/or non-Clock loads  
Clock net clock_IBUF is directly driven by an IO rather than a Clock Buffer or may be an IO driving a mix of Clock Buffer and non-Clock loads. This connectivity should be reviewed and corrected as appropriate. Driver(s): FullGameSchema_i/clock, clock_IBUF_inst/O
Related violations: <none>


